c:\users\chengchengyang\desktop\directx11_starter_2015\directx11_starter\release\vc140.pdb
c:\users\chengchengyang\desktop\directx11_starter_2015\directx11_starter\release\simpleshader.obj
c:\users\chengchengyang\desktop\directx11_starter_2015\directx11_starter\release\directxgamecore.obj
c:\users\chengchengyang\desktop\directx11_starter_2015\directx11_starter\release\dxerr.obj
c:\users\chengchengyang\desktop\directx11_starter_2015\directx11_starter\release\mydemogame.obj
c:\users\chengchengyang\desktop\directx11_starter_2015\directx11_starter\release\mesh.obj
c:\users\chengchengyang\desktop\directx11_starter_2015\release\pixelshader.cso
c:\users\chengchengyang\desktop\directx11_starter_2015\release\vertexshader.cso
c:\users\chengchengyang\desktop\directx11_starter_2015\release\directx11_starter.exe
c:\users\chengchengyang\desktop\directx11_starter_2015\release\directx11_starter.ipdb
c:\users\chengchengyang\desktop\directx11_starter_2015\release\directx11_starter.iobj
c:\users\chengchengyang\desktop\directx11_starter_2015\release\directx11_starter.pdb
c:\users\chengchengyang\desktop\directx11_assignment1\directx11_starter\release\directxgamecore.obj
c:\users\chengchengyang\desktop\directx11_assignment1\directx11_starter\release\dxerr.obj
c:\users\chengchengyang\desktop\directx11_assignment1\directx11_starter\release\mesh.obj
c:\users\chengchengyang\desktop\directx11_assignment1\directx11_starter\release\mydemogame.obj
c:\users\chengchengyang\desktop\directx11_assignment1\directx11_starter\release\simpleshader.obj
c:\users\chengchengyang\desktop\directx11_assignment1\directx11_starter\release\vc140.pdb
c:\users\chengchengyang\desktop\directx11_assignment1\release\directx11_starter.pdb
c:\users\chengchengyang\desktop\directx11_assignment1\release\directx11_starter.exe
c:\users\chengchengyang\desktop\directx11_assignment1\directx11_starter\release\directx1.feb50fc0.tlog\cl.command.1.tlog
c:\users\chengchengyang\desktop\directx11_assignment1\directx11_starter\release\directx1.feb50fc0.tlog\cl.read.1.tlog
c:\users\chengchengyang\desktop\directx11_assignment1\directx11_starter\release\directx1.feb50fc0.tlog\cl.write.1.tlog
c:\users\chengchengyang\desktop\directx11_assignment1\directx11_starter\release\directx1.feb50fc0.tlog\directx11_starter.write.1u.tlog
c:\users\chengchengyang\desktop\directx11_assignment1\directx11_starter\release\directx1.feb50fc0.tlog\fxc.command.1.tlog
c:\users\chengchengyang\desktop\directx11_assignment1\directx11_starter\release\directx1.feb50fc0.tlog\fxc.read.1.tlog
c:\users\chengchengyang\desktop\directx11_assignment1\directx11_starter\release\directx1.feb50fc0.tlog\fxc.write.1.tlog
c:\users\chengchengyang\desktop\directx11_assignment1\directx11_starter\release\directx1.feb50fc0.tlog\link.command.1.tlog
c:\users\chengchengyang\desktop\directx11_assignment1\directx11_starter\release\directx1.feb50fc0.tlog\link.read.1.tlog
c:\users\chengchengyang\desktop\directx11_assignment1\directx11_starter\release\directx1.feb50fc0.tlog\link.write.1.tlog
