c:\users\chengchengyang\desktop\directx11_assignment1\directx11_starter\debug\vc140.pdb
c:\users\chengchengyang\desktop\directx11_assignment1\directx11_starter\debug\vc140.idb
c:\users\chengchengyang\desktop\directx11_assignment1\directx11_starter\debug\mesh.obj
c:\users\chengchengyang\desktop\directx11_assignment1\directx11_starter\debug\mydemogame.obj
c:\users\chengchengyang\desktop\directx11_assignment1\directx11_starter\debug\dxerr.obj
c:\users\chengchengyang\desktop\directx11_assignment1\directx11_starter\debug\directxgamecore.obj
c:\users\chengchengyang\desktop\directx11_assignment1\directx11_starter\debug\simpleshader.obj
c:\users\chengchengyang\desktop\directx11_assignment1\debug\pixelshader.cso
c:\users\chengchengyang\desktop\directx11_assignment1\debug\vertexshader.cso
c:\users\chengchengyang\desktop\directx11_assignment1\debug\directx11_starter.ilk
c:\users\chengchengyang\desktop\directx11_assignment1\debug\directx11_starter.exe
c:\users\chengchengyang\desktop\directx11_assignment1\debug\directx11_starter.pdb
c:\users\chengchengyang\desktop\directx11_assignment1\directx11_starter\debug\directx1.feb50fc0.tlog\cl.command.1.tlog
c:\users\chengchengyang\desktop\directx11_assignment1\directx11_starter\debug\directx1.feb50fc0.tlog\cl.read.1.tlog
c:\users\chengchengyang\desktop\directx11_assignment1\directx11_starter\debug\directx1.feb50fc0.tlog\cl.write.1.tlog
c:\users\chengchengyang\desktop\directx11_assignment1\directx11_starter\debug\directx1.feb50fc0.tlog\directx11_starter.write.1u.tlog
c:\users\chengchengyang\desktop\directx11_assignment1\directx11_starter\debug\directx1.feb50fc0.tlog\fxc.command.1.tlog
c:\users\chengchengyang\desktop\directx11_assignment1\directx11_starter\debug\directx1.feb50fc0.tlog\fxc.read.1.tlog
c:\users\chengchengyang\desktop\directx11_assignment1\directx11_starter\debug\directx1.feb50fc0.tlog\fxc.write.1.tlog
c:\users\chengchengyang\desktop\directx11_assignment1\directx11_starter\debug\directx1.feb50fc0.tlog\link.command.1.tlog
c:\users\chengchengyang\desktop\directx11_assignment1\directx11_starter\debug\directx1.feb50fc0.tlog\link.read.1.tlog
c:\users\chengchengyang\desktop\directx11_assignment1\directx11_starter\debug\directx1.feb50fc0.tlog\link.write.1.tlog
